usage: Reading Comprehension on BaiduRC dataset [-h] [--prepare] [--train]
                                                [--evaluate] [--predict]
                                                [--gpu GPU] [--optim OPTIM]
                                                [--learning_rate LEARNING_RATE]
                                                [--weight_decay WEIGHT_DECAY]
                                                [--dropout_keep_prob DROPOUT_KEEP_PROB]
                                                [--batch_size BATCH_SIZE]
                                                [--epochs EPOCHS]
                                                [--algo {BIDAF,MLSTM}]
                                                [--embed_size EMBED_SIZE]
                                                [--hidden_size HIDDEN_SIZE]
                                                [--max_p_num MAX_P_NUM]
                                                [--max_p_len MAX_P_LEN]
                                                [--max_q_len MAX_Q_LEN]
                                                [--max_a_len MAX_A_LEN]
                                                [--train_files TRAIN_FILES [TRAIN_FILES ...]]
                                                [--dev_files DEV_FILES [DEV_FILES ...]]
                                                [--test_files TEST_FILES [TEST_FILES ...]]
                                                [--brc_dir BRC_DIR]
                                                [--vocab_dir VOCAB_DIR]
                                                [--model_dir MODEL_DIR]
                                                [--result_dir RESULT_DIR]
                                                [--summary_dir SUMMARY_DIR]
                                                [--log_path LOG_PATH]
Reading Comprehension on BaiduRC dataset: error: argument --algo: invalid choice: 'MCTS' (choose from 'BIDAF', 'MLSTM')
